<?xml version="1.0" encoding="UTF-8"?>
<!-- Generated by org.testng.reporters.JUnitReportReporter -->
<testsuite hostname="EC2AMAZ-FS6S03R" name="info.cukes.cucumber_jvm.TestNGRunnerTest" tests="1" failures="0" timestamp="1 Jun 2017 03:17:48 GMT" time="7.613" errors="0">
  <testcase name="feature" time="7.613" classname="info.cukes.cucumber_jvm.TestNGRunnerTest"/>
</testsuite> <!-- info.cukes.cucumber_jvm.TestNGRunnerTest -->
