<?xml version="1.0" encoding="UTF-8"?>
<!-- Generated by org.testng.reporters.JUnitReportReporter -->
<testsuite hostname="localhost" name="info.cukes.cucumber_jvm.Login" tests="1" failures="0" timestamp="10 May 2017 00:21:02 GMT" time="5.926" errors="0">
  <testcase name="userinputs" time="5.926" classname="info.cukes.cucumber_jvm.Login"/>
</testsuite> <!-- info.cukes.cucumber_jvm.Login -->
